This is pdfTeX, Version 3.1415926-2.5-1.40.14 (TeX Live 2013) (format=pdflatex 2014.5.27)  27 APR 2015 22:24
entering extended mode
 restricted \write18 enabled.
 Source specials enabled.
 %&-line parsing enabled.
**thesis_peng.tex
(./thesis_peng.tex
LaTeX2e <2011/06/27>
Babel <3.9k> and hyphenation patterns for 78 languages loaded.
(/usr/local/texlive/2013/texmf-dist/tex/latex/base/article.cls
Document Class: article 2007/10/19 v1.4h Standard LaTeX document class
(/usr/local/texlive/2013/texmf-dist/tex/latex/base/size12.clo
File: size12.clo 2007/10/19 v1.4h Standard LaTeX file (size option)
)
\c@part=\count79
\c@section=\count80
\c@subsection=\count81
\c@subsubsection=\count82
\c@paragraph=\count83
\c@subparagraph=\count84
\c@figure=\count85
\c@table=\count86
\abovecaptionskip=\skip41
\belowcaptionskip=\skip42
\bibindent=\dimen102
)
(./aaltothesis.sty
Package: aaltothesis 2013/09/26 Version 1.7

(/usr/local/texlive/2013/texmf-dist/tex/latex/base/ifthen.sty
Package: ifthen 2001/05/26 v1.1c Standard LaTeX ifthen package (DPC)
)
(/usr/local/texlive/2013/texmf-dist/tex/latex/tools/calc.sty
Package: calc 2007/08/22 v4.3 Infix arithmetic (KKT,FJ)
\calc@Acount=\count87
\calc@Bcount=\count88
\calc@Adimen=\dimen103
\calc@Bdimen=\dimen104
\calc@Askip=\skip43
\calc@Bskip=\skip44
LaTeX Info: Redefining \setlength on input line 76.
LaTeX Info: Redefining \addtolength on input line 77.
\calc@Ccount=\count89
\calc@Cskip=\skip45
)
(/usr/local/texlive/2013/texmf-dist/tex/latex/base/inputenc.sty
Package: inputenc 2008/03/30 v1.1d Input encoding file
\inpenc@prehook=\toks14
\inpenc@posthook=\toks15

(/usr/local/texlive/2013/texmf-dist/tex/latex/base/utf8.def
File: utf8.def 2008/04/05 v1.1m UTF-8 support for inputenc
Now handling font encoding OML ...
... no UTF-8 mapping file for font encoding OML
Now handling font encoding T1 ...
... processing UTF-8 mapping file for font encoding T1

(/usr/local/texlive/2013/texmf-dist/tex/latex/base/t1enc.dfu
File: t1enc.dfu 2008/04/05 v1.1m UTF-8 support for inputenc
   defining Unicode char U+00A1 (decimal 161)
   defining Unicode char U+00A3 (decimal 163)
   defining Unicode char U+00AB (decimal 171)
   defining Unicode char U+00BB (decimal 187)
   defining Unicode char U+00BF (decimal 191)
   defining Unicode char U+00C0 (decimal 192)
   defining Unicode char U+00C1 (decimal 193)
   defining Unicode char U+00C2 (decimal 194)
   defining Unicode char U+00C3 (decimal 195)
   defining Unicode char U+00C4 (decimal 196)
   defining Unicode char U+00C5 (decimal 197)
   defining Unicode char U+00C6 (decimal 198)
   defining Unicode char U+00C7 (decimal 199)
   defining Unicode char U+00C8 (decimal 200)
   defining Unicode char U+00C9 (decimal 201)
   defining Unicode char U+00CA (decimal 202)
   defining Unicode char U+00CB (decimal 203)
   defining Unicode char U+00CC (decimal 204)
   defining Unicode char U+00CD (decimal 205)
   defining Unicode char U+00CE (decimal 206)
   defining Unicode char U+00CF (decimal 207)
   defining Unicode char U+00D0 (decimal 208)
   defining Unicode char U+00D1 (decimal 209)
   defining Unicode char U+00D2 (decimal 210)
   defining Unicode char U+00D3 (decimal 211)
   defining Unicode char U+00D4 (decimal 212)
   defining Unicode char U+00D5 (decimal 213)
   defining Unicode char U+00D6 (decimal 214)
   defining Unicode char U+00D8 (decimal 216)
   defining Unicode char U+00D9 (decimal 217)
   defining Unicode char U+00DA (decimal 218)
   defining Unicode char U+00DB (decimal 219)
   defining Unicode char U+00DC (decimal 220)
   defining Unicode char U+00DD (decimal 221)
   defining Unicode char U+00DE (decimal 222)
   defining Unicode char U+00DF (decimal 223)
   defining Unicode char U+00E0 (decimal 224)
   defining Unicode char U+00E1 (decimal 225)
   defining Unicode char U+00E2 (decimal 226)
   defining Unicode char U+00E3 (decimal 227)
   defining Unicode char U+00E4 (decimal 228)
   defining Unicode char U+00E5 (decimal 229)
   defining Unicode char U+00E6 (decimal 230)
   defining Unicode char U+00E7 (decimal 231)
   defining Unicode char U+00E8 (decimal 232)
   defining Unicode char U+00E9 (decimal 233)
   defining Unicode char U+00EA (decimal 234)
   defining Unicode char U+00EB (decimal 235)
   defining Unicode char U+00EC (decimal 236)
   defining Unicode char U+00ED (decimal 237)
   defining Unicode char U+00EE (decimal 238)
   defining Unicode char U+00EF (decimal 239)
   defining Unicode char U+00F0 (decimal 240)
   defining Unicode char U+00F1 (decimal 241)
   defining Unicode char U+00F2 (decimal 242)
   defining Unicode char U+00F3 (decimal 243)
   defining Unicode char U+00F4 (decimal 244)
   defining Unicode char U+00F5 (decimal 245)
   defining Unicode char U+00F6 (decimal 246)
   defining Unicode char U+00F8 (decimal 248)
   defining Unicode char U+00F9 (decimal 249)
   defining Unicode char U+00FA (decimal 250)
   defining Unicode char U+00FB (decimal 251)
   defining Unicode char U+00FC (decimal 252)
   defining Unicode char U+00FD (decimal 253)
   defining Unicode char U+00FE (decimal 254)
   defining Unicode char U+00FF (decimal 255)
   defining Unicode char U+0102 (decimal 258)
   defining Unicode char U+0103 (decimal 259)
   defining Unicode char U+0104 (decimal 260)
   defining Unicode char U+0105 (decimal 261)
   defining Unicode char U+0106 (decimal 262)
   defining Unicode char U+0107 (decimal 263)
   defining Unicode char U+010C (decimal 268)
   defining Unicode char U+010D (decimal 269)
   defining Unicode char U+010E (decimal 270)
   defining Unicode char U+010F (decimal 271)
   defining Unicode char U+0110 (decimal 272)
   defining Unicode char U+0111 (decimal 273)
   defining Unicode char U+0118 (decimal 280)
   defining Unicode char U+0119 (decimal 281)
   defining Unicode char U+011A (decimal 282)
   defining Unicode char U+011B (decimal 283)
   defining Unicode char U+011E (decimal 286)
   defining Unicode char U+011F (decimal 287)
   defining Unicode char U+0130 (decimal 304)
   defining Unicode char U+0131 (decimal 305)
   defining Unicode char U+0132 (decimal 306)
   defining Unicode char U+0133 (decimal 307)
   defining Unicode char U+0139 (decimal 313)
   defining Unicode char U+013A (decimal 314)
   defining Unicode char U+013D (decimal 317)
   defining Unicode char U+013E (decimal 318)
   defining Unicode char U+0141 (decimal 321)
   defining Unicode char U+0142 (decimal 322)
   defining Unicode char U+0143 (decimal 323)
   defining Unicode char U+0144 (decimal 324)
   defining Unicode char U+0147 (decimal 327)
   defining Unicode char U+0148 (decimal 328)
   defining Unicode char U+014A (decimal 330)
   defining Unicode char U+014B (decimal 331)
   defining Unicode char U+0150 (decimal 336)
   defining Unicode char U+0151 (decimal 337)
   defining Unicode char U+0152 (decimal 338)
   defining Unicode char U+0153 (decimal 339)
   defining Unicode char U+0154 (decimal 340)
   defining Unicode char U+0155 (decimal 341)
   defining Unicode char U+0158 (decimal 344)
   defining Unicode char U+0159 (decimal 345)
   defining Unicode char U+015A (decimal 346)
   defining Unicode char U+015B (decimal 347)
   defining Unicode char U+015E (decimal 350)
   defining Unicode char U+015F (decimal 351)
   defining Unicode char U+0160 (decimal 352)
   defining Unicode char U+0161 (decimal 353)
   defining Unicode char U+0162 (decimal 354)
   defining Unicode char U+0163 (decimal 355)
   defining Unicode char U+0164 (decimal 356)
   defining Unicode char U+0165 (decimal 357)
   defining Unicode char U+016E (decimal 366)
   defining Unicode char U+016F (decimal 367)
   defining Unicode char U+0170 (decimal 368)
   defining Unicode char U+0171 (decimal 369)
   defining Unicode char U+0178 (decimal 376)
   defining Unicode char U+0179 (decimal 377)
   defining Unicode char U+017A (decimal 378)
   defining Unicode char U+017B (decimal 379)
   defining Unicode char U+017C (decimal 380)
   defining Unicode char U+017D (decimal 381)
   defining Unicode char U+017E (decimal 382)
   defining Unicode char U+200C (decimal 8204)
   defining Unicode char U+2013 (decimal 8211)
   defining Unicode char U+2014 (decimal 8212)
   defining Unicode char U+2018 (decimal 8216)
   defining Unicode char U+2019 (decimal 8217)
   defining Unicode char U+201A (decimal 8218)
   defining Unicode char U+201C (decimal 8220)
   defining Unicode char U+201D (decimal 8221)
   defining Unicode char U+201E (decimal 8222)
   defining Unicode char U+2030 (decimal 8240)
   defining Unicode char U+2031 (decimal 8241)
   defining Unicode char U+2039 (decimal 8249)
   defining Unicode char U+203A (decimal 8250)
   defining Unicode char U+2423 (decimal 9251)
)
Now handling font encoding OT1 ...
... processing UTF-8 mapping file for font encoding OT1

(/usr/local/texlive/2013/texmf-dist/tex/latex/base/ot1enc.dfu
File: ot1enc.dfu 2008/04/05 v1.1m UTF-8 support for inputenc
   defining Unicode char U+00A1 (decimal 161)
   defining Unicode char U+00A3 (decimal 163)
   defining Unicode char U+00B8 (decimal 184)
   defining Unicode char U+00BF (decimal 191)
   defining Unicode char U+00C5 (decimal 197)
   defining Unicode char U+00C6 (decimal 198)
   defining Unicode char U+00D8 (decimal 216)
   defining Unicode char U+00DF (decimal 223)
   defining Unicode char U+00E6 (decimal 230)
   defining Unicode char U+00EC (decimal 236)
   defining Unicode char U+00ED (decimal 237)
   defining Unicode char U+00EE (decimal 238)
   defining Unicode char U+00EF (decimal 239)
   defining Unicode char U+00F8 (decimal 248)
   defining Unicode char U+0131 (decimal 305)
   defining Unicode char U+0141 (decimal 321)
   defining Unicode char U+0142 (decimal 322)
   defining Unicode char U+0152 (decimal 338)
   defining Unicode char U+0153 (decimal 339)
   defining Unicode char U+2013 (decimal 8211)
   defining Unicode char U+2014 (decimal 8212)
   defining Unicode char U+2018 (decimal 8216)
   defining Unicode char U+2019 (decimal 8217)
   defining Unicode char U+201C (decimal 8220)
   defining Unicode char U+201D (decimal 8221)
)
Now handling font encoding OMS ...
... processing UTF-8 mapping file for font encoding OMS

(/usr/local/texlive/2013/texmf-dist/tex/latex/base/omsenc.dfu
File: omsenc.dfu 2008/04/05 v1.1m UTF-8 support for inputenc
   defining Unicode char U+00A7 (decimal 167)
   defining Unicode char U+00B6 (decimal 182)
   defining Unicode char U+00B7 (decimal 183)
   defining Unicode char U+2020 (decimal 8224)
   defining Unicode char U+2021 (decimal 8225)
   defining Unicode char U+2022 (decimal 8226)
)
Now handling font encoding OMX ...
... no UTF-8 mapping file for font encoding OMX
Now handling font encoding U ...
... no UTF-8 mapping file for font encoding U
   defining Unicode char U+00A9 (decimal 169)
   defining Unicode char U+00AA (decimal 170)
   defining Unicode char U+00AE (decimal 174)
   defining Unicode char U+00BA (decimal 186)
   defining Unicode char U+02C6 (decimal 710)
   defining Unicode char U+02DC (decimal 732)
   defining Unicode char U+200C (decimal 8204)
   defining Unicode char U+2026 (decimal 8230)
   defining Unicode char U+2122 (decimal 8482)
   defining Unicode char U+2423 (decimal 9251)
)
(/usr/local/texlive/2013/texmf-dist/tex/latex/base/latin1.def
File: latin1.def 2008/03/30 v1.1d Input encoding file
))
(/usr/local/texlive/2013/texmf-dist/tex/latex/graphics/color.sty
Package: color 2005/11/14 v1.0j Standard LaTeX Color (DPC)

(/usr/local/texlive/2013/texmf-dist/tex/latex/latexconfig/color.cfg
File: color.cfg 2007/01/18 v1.5 color configuration of teTeX/TeXLive
)
Package color Info: Driver file: pdftex.def on input line 130.

(/usr/local/texlive/2013/texmf-dist/tex/latex/pdftex-def/pdftex.def
File: pdftex.def 2011/05/27 v0.06d Graphics/color for pdfTeX

(/usr/local/texlive/2013/texmf-dist/tex/generic/oberdiek/infwarerr.sty
Package: infwarerr 2010/04/08 v1.3 Providing info/warning/error messages (HO)
)
(/usr/local/texlive/2013/texmf-dist/tex/generic/oberdiek/ltxcmds.sty
Package: ltxcmds 2011/11/09 v1.22 LaTeX kernel commands for general use (HO)
)
\Gread@gobject=\count90
))
(./aaltologo.sty
Package: aaltologo 2011/02/19 v1.1.2 Package for drawing Aalto University logos


(/usr/local/texlive/2013/texmf-dist/tex/latex/pgf/frontendlayer/tikz.sty
(/usr/local/texlive/2013/texmf-dist/tex/latex/pgf/basiclayer/pgf.sty
(/usr/local/texlive/2013/texmf-dist/tex/latex/pgf/utilities/pgfrcs.sty
(/usr/local/texlive/2013/texmf-dist/tex/generic/pgf/utilities/pgfutil-common.te
x
\pgfutil@everybye=\toks16
\pgfutil@tempdima=\dimen105
\pgfutil@tempdimb=\dimen106

(/usr/local/texlive/2013/texmf-dist/tex/generic/pgf/utilities/pgfutil-common-li
sts.tex))
(/usr/local/texlive/2013/texmf-dist/tex/generic/pgf/utilities/pgfutil-latex.def
\pgfutil@abb=\box26
(/usr/local/texlive/2013/texmf-dist/tex/latex/ms/everyshi.sty
Package: everyshi 2001/05/15 v3.00 EveryShipout Package (MS)
))
(/usr/local/texlive/2013/texmf-dist/tex/generic/pgf/utilities/pgfrcs.code.tex
Package: pgfrcs 2013/12/20 v3.0.0 (rcs-revision 1.28)
))
Package: pgf 2013/12/18 v3.0.0 (rcs-revision 1.14)
(/usr/local/texlive/2013/texmf-dist/tex/latex/pgf/basiclayer/pgfcore.sty
(/usr/local/texlive/2013/texmf-dist/tex/latex/graphics/graphicx.sty
Package: graphicx 1999/02/16 v1.0f Enhanced LaTeX Graphics (DPC,SPQR)

(/usr/local/texlive/2013/texmf-dist/tex/latex/graphics/keyval.sty
Package: keyval 1999/03/16 v1.13 key=value parser (DPC)
\KV@toks@=\toks17
)
(/usr/local/texlive/2013/texmf-dist/tex/latex/graphics/graphics.sty
Package: graphics 2009/02/05 v1.0o Standard LaTeX Graphics (DPC,SPQR)

(/usr/local/texlive/2013/texmf-dist/tex/latex/graphics/trig.sty
Package: trig 1999/03/16 v1.09 sin cos tan (DPC)
)
(/usr/local/texlive/2013/texmf-dist/tex/latex/latexconfig/graphics.cfg
File: graphics.cfg 2010/04/23 v1.9 graphics configuration of TeX Live
)
Package graphics Info: Driver file: pdftex.def on input line 91.
)
\Gin@req@height=\dimen107
\Gin@req@width=\dimen108
)
(/usr/local/texlive/2013/texmf-dist/tex/latex/pgf/systemlayer/pgfsys.sty
(/usr/local/texlive/2013/texmf-dist/tex/generic/pgf/systemlayer/pgfsys.code.tex
Package: pgfsys 2013/11/30 v3.0.0 (rcs-revision 1.47)
(/usr/local/texlive/2013/texmf-dist/tex/generic/pgf/utilities/pgfkeys.code.tex
\pgfkeys@pathtoks=\toks18
\pgfkeys@temptoks=\toks19

(/usr/local/texlive/2013/texmf-dist/tex/generic/pgf/utilities/pgfkeysfiltered.c
ode.tex
\pgfkeys@tmptoks=\toks20
))
\pgf@x=\dimen109
\pgf@y=\dimen110
\pgf@xa=\dimen111
\pgf@ya=\dimen112
\pgf@xb=\dimen113
\pgf@yb=\dimen114
\pgf@xc=\dimen115
\pgf@yc=\dimen116
\w@pgf@writea=\write3
\r@pgf@reada=\read1
\c@pgf@counta=\count91
\c@pgf@countb=\count92
\c@pgf@countc=\count93
\c@pgf@countd=\count94
\t@pgf@toka=\toks21
\t@pgf@tokb=\toks22
\t@pgf@tokc=\toks23

(/usr/local/texlive/2013/texmf-dist/tex/generic/pgf/systemlayer/pgf.cfg
File: pgf.cfg 2008/05/14  (rcs-revision 1.7)
)
Driver file for pgf: pgfsys-pdftex.def

(/usr/local/texlive/2013/texmf-dist/tex/generic/pgf/systemlayer/pgfsys-pdftex.d
ef
File: pgfsys-pdftex.def 2013/07/18  (rcs-revision 1.33)

(/usr/local/texlive/2013/texmf-dist/tex/generic/pgf/systemlayer/pgfsys-common-p
df.def
File: pgfsys-common-pdf.def 2013/10/10  (rcs-revision 1.13)
)))
(/usr/local/texlive/2013/texmf-dist/tex/generic/pgf/systemlayer/pgfsyssoftpath.
code.tex
File: pgfsyssoftpath.code.tex 2013/09/09  (rcs-revision 1.9)
\pgfsyssoftpath@smallbuffer@items=\count95
\pgfsyssoftpath@bigbuffer@items=\count96
)
(/usr/local/texlive/2013/texmf-dist/tex/generic/pgf/systemlayer/pgfsysprotocol.
code.tex
File: pgfsysprotocol.code.tex 2006/10/16  (rcs-revision 1.4)
)) (/usr/local/texlive/2013/texmf-dist/tex/latex/xcolor/xcolor.sty
Package: xcolor 2007/01/21 v2.11 LaTeX color extensions (UK)

(/usr/local/texlive/2013/texmf-dist/tex/latex/latexconfig/color.cfg
File: color.cfg 2007/01/18 v1.5 color configuration of teTeX/TeXLive
)
Package xcolor Info: Driver file: pdftex.def on input line 225.
LaTeX Info: Redefining \color on input line 702.
Package xcolor Info: Model `cmy' substituted by `cmy0' on input line 1337.
Package xcolor Info: Model `hsb' substituted by `rgb' on input line 1341.
Package xcolor Info: Model `RGB' extended on input line 1353.
Package xcolor Info: Model `HTML' substituted by `rgb' on input line 1355.
Package xcolor Info: Model `Hsb' substituted by `hsb' on input line 1356.
Package xcolor Info: Model `tHsb' substituted by `hsb' on input line 1357.
Package xcolor Info: Model `HSB' substituted by `hsb' on input line 1358.
Package xcolor Info: Model `Gray' substituted by `gray' on input line 1359.
Package xcolor Info: Model `wave' substituted by `hsb' on input line 1360.
)
(/usr/local/texlive/2013/texmf-dist/tex/generic/pgf/basiclayer/pgfcore.code.tex
Package: pgfcore 2010/04/11 v3.0.0 (rcs-revision 1.7)
(/usr/local/texlive/2013/texmf-dist/tex/generic/pgf/math/pgfmath.code.tex
(/usr/local/texlive/2013/texmf-dist/tex/generic/pgf/math/pgfmathcalc.code.tex
(/usr/local/texlive/2013/texmf-dist/tex/generic/pgf/math/pgfmathutil.code.tex)
(/usr/local/texlive/2013/texmf-dist/tex/generic/pgf/math/pgfmathparser.code.tex
\pgfmath@dimen=\dimen117
\pgfmath@count=\count97
\pgfmath@box=\box27
\pgfmath@toks=\toks24
\pgfmath@stack@operand=\toks25
\pgfmath@stack@operation=\toks26
)
(/usr/local/texlive/2013/texmf-dist/tex/generic/pgf/math/pgfmathfunctions.code.
tex
(/usr/local/texlive/2013/texmf-dist/tex/generic/pgf/math/pgfmathfunctions.basic
.code.tex)
(/usr/local/texlive/2013/texmf-dist/tex/generic/pgf/math/pgfmathfunctions.trigo
nometric.code.tex)
(/usr/local/texlive/2013/texmf-dist/tex/generic/pgf/math/pgfmathfunctions.rando
m.code.tex)
(/usr/local/texlive/2013/texmf-dist/tex/generic/pgf/math/pgfmathfunctions.compa
rison.code.tex)
(/usr/local/texlive/2013/texmf-dist/tex/generic/pgf/math/pgfmathfunctions.base.
code.tex)
(/usr/local/texlive/2013/texmf-dist/tex/generic/pgf/math/pgfmathfunctions.round
.code.tex)
(/usr/local/texlive/2013/texmf-dist/tex/generic/pgf/math/pgfmathfunctions.misc.
code.tex)
(/usr/local/texlive/2013/texmf-dist/tex/generic/pgf/math/pgfmathfunctions.integ
erarithmetics.code.tex)))
(/usr/local/texlive/2013/texmf-dist/tex/generic/pgf/math/pgfmathfloat.code.tex
\c@pgfmathroundto@lastzeros=\count98
))
(/usr/local/texlive/2013/texmf-dist/tex/generic/pgf/basiclayer/pgfcorepoints.co
de.tex
File: pgfcorepoints.code.tex 2013/10/07  (rcs-revision 1.27)
\pgf@picminx=\dimen118
\pgf@picmaxx=\dimen119
\pgf@picminy=\dimen120
\pgf@picmaxy=\dimen121
\pgf@pathminx=\dimen122
\pgf@pathmaxx=\dimen123
\pgf@pathminy=\dimen124
\pgf@pathmaxy=\dimen125
\pgf@xx=\dimen126
\pgf@xy=\dimen127
\pgf@yx=\dimen128
\pgf@yy=\dimen129
\pgf@zx=\dimen130
\pgf@zy=\dimen131
)
(/usr/local/texlive/2013/texmf-dist/tex/generic/pgf/basiclayer/pgfcorepathconst
ruct.code.tex
File: pgfcorepathconstruct.code.tex 2013/10/07  (rcs-revision 1.29)
\pgf@path@lastx=\dimen132
\pgf@path@lasty=\dimen133
)
(/usr/local/texlive/2013/texmf-dist/tex/generic/pgf/basiclayer/pgfcorepathusage
.code.tex
File: pgfcorepathusage.code.tex 2013/12/13  (rcs-revision 1.23)
\pgf@shorten@end@additional=\dimen134
\pgf@shorten@start@additional=\dimen135
)
(/usr/local/texlive/2013/texmf-dist/tex/generic/pgf/basiclayer/pgfcorescopes.co
de.tex
File: pgfcorescopes.code.tex 2013/10/09  (rcs-revision 1.44)
\pgfpic=\box28
\pgf@hbox=\box29
\pgf@layerbox@main=\box30
\pgf@picture@serial@count=\count99
)
(/usr/local/texlive/2013/texmf-dist/tex/generic/pgf/basiclayer/pgfcoregraphicst
ate.code.tex
File: pgfcoregraphicstate.code.tex 2013/09/19  (rcs-revision 1.11)
\pgflinewidth=\dimen136
)
(/usr/local/texlive/2013/texmf-dist/tex/generic/pgf/basiclayer/pgfcoretransform
ations.code.tex
File: pgfcoretransformations.code.tex 2013/10/10  (rcs-revision 1.17)
\pgf@pt@x=\dimen137
\pgf@pt@y=\dimen138
\pgf@pt@temp=\dimen139
)
(/usr/local/texlive/2013/texmf-dist/tex/generic/pgf/basiclayer/pgfcorequick.cod
e.tex
File: pgfcorequick.code.tex 2008/10/09  (rcs-revision 1.3)
)
(/usr/local/texlive/2013/texmf-dist/tex/generic/pgf/basiclayer/pgfcoreobjects.c
ode.tex
File: pgfcoreobjects.code.tex 2006/10/11  (rcs-revision 1.2)
)
(/usr/local/texlive/2013/texmf-dist/tex/generic/pgf/basiclayer/pgfcorepathproce
ssing.code.tex
File: pgfcorepathprocessing.code.tex 2013/09/09  (rcs-revision 1.9)
)
(/usr/local/texlive/2013/texmf-dist/tex/generic/pgf/basiclayer/pgfcorearrows.co
de.tex
File: pgfcorearrows.code.tex 2013/11/07  (rcs-revision 1.40)
\pgfarrowsep=\dimen140
)
(/usr/local/texlive/2013/texmf-dist/tex/generic/pgf/basiclayer/pgfcoreshade.cod
e.tex
File: pgfcoreshade.code.tex 2013/07/15  (rcs-revision 1.15)
\pgf@max=\dimen141
\pgf@sys@shading@range@num=\count100
)
(/usr/local/texlive/2013/texmf-dist/tex/generic/pgf/basiclayer/pgfcoreimage.cod
e.tex
File: pgfcoreimage.code.tex 2013/07/15  (rcs-revision 1.18)

(/usr/local/texlive/2013/texmf-dist/tex/generic/pgf/basiclayer/pgfcoreexternal.
code.tex
File: pgfcoreexternal.code.tex 2013/07/15  (rcs-revision 1.20)
\pgfexternal@startupbox=\box31
))
(/usr/local/texlive/2013/texmf-dist/tex/generic/pgf/basiclayer/pgfcorelayers.co
de.tex
File: pgfcorelayers.code.tex 2013/07/18  (rcs-revision 1.7)
)
(/usr/local/texlive/2013/texmf-dist/tex/generic/pgf/basiclayer/pgfcoretranspare
ncy.code.tex
File: pgfcoretransparency.code.tex 2013/09/30  (rcs-revision 1.5)
)
(/usr/local/texlive/2013/texmf-dist/tex/generic/pgf/basiclayer/pgfcorepatterns.
code.tex
File: pgfcorepatterns.code.tex 2013/11/07  (rcs-revision 1.5)
)))
(/usr/local/texlive/2013/texmf-dist/tex/generic/pgf/modules/pgfmoduleshapes.cod
e.tex
File: pgfmoduleshapes.code.tex 2013/10/31  (rcs-revision 1.34)
\pgfnodeparttextbox=\box32
)
(/usr/local/texlive/2013/texmf-dist/tex/generic/pgf/modules/pgfmoduleplot.code.
tex
File: pgfmoduleplot.code.tex 2013/07/31  (rcs-revision 1.12)
)
(/usr/local/texlive/2013/texmf-dist/tex/latex/pgf/compatibility/pgfcomp-version
-0-65.sty
Package: pgfcomp-version-0-65 2007/07/03 v3.0.0 (rcs-revision 1.7)
\pgf@nodesepstart=\dimen142
\pgf@nodesepend=\dimen143
)
(/usr/local/texlive/2013/texmf-dist/tex/latex/pgf/compatibility/pgfcomp-version
-1-18.sty
Package: pgfcomp-version-1-18 2007/07/23 v3.0.0 (rcs-revision 1.1)
))
(/usr/local/texlive/2013/texmf-dist/tex/latex/pgf/utilities/pgffor.sty
(/usr/local/texlive/2013/texmf-dist/tex/latex/pgf/utilities/pgfkeys.sty
(/usr/local/texlive/2013/texmf-dist/tex/generic/pgf/utilities/pgfkeys.code.tex)
) (/usr/local/texlive/2013/texmf-dist/tex/latex/pgf/math/pgfmath.sty
(/usr/local/texlive/2013/texmf-dist/tex/generic/pgf/math/pgfmath.code.tex))
(/usr/local/texlive/2013/texmf-dist/tex/generic/pgf/utilities/pgffor.code.tex
Package: pgffor 2013/12/13 v3.0.0 (rcs-revision 1.25)

(/usr/local/texlive/2013/texmf-dist/tex/generic/pgf/math/pgfmath.code.tex)
\pgffor@iter=\dimen144
\pgffor@skip=\dimen145
\pgffor@stack=\toks27
\pgffor@toks=\toks28
))
(/usr/local/texlive/2013/texmf-dist/tex/generic/pgf/frontendlayer/tikz/tikz.cod
e.tex
Package: tikz 2013/12/13 v3.0.0 (rcs-revision 1.142)

(/usr/local/texlive/2013/texmf-dist/tex/generic/pgf/libraries/pgflibraryplothan
dlers.code.tex
File: pgflibraryplothandlers.code.tex 2013/08/31 v3.0.0 (rcs-revision 1.20)
\pgf@plot@mark@count=\count101
\pgfplotmarksize=\dimen146
)
\tikz@lastx=\dimen147
\tikz@lasty=\dimen148
\tikz@lastxsaved=\dimen149
\tikz@lastysaved=\dimen150
\tikzleveldistance=\dimen151
\tikzsiblingdistance=\dimen152
\tikz@figbox=\box33
\tikz@figbox@bg=\box34
\tikz@tempbox=\box35
\tikz@tempbox@bg=\box36
\tikztreelevel=\count102
\tikznumberofchildren=\count103
\tikznumberofcurrentchild=\count104
\tikz@fig@count=\count105

(/usr/local/texlive/2013/texmf-dist/tex/generic/pgf/modules/pgfmodulematrix.cod
e.tex
File: pgfmodulematrix.code.tex 2013/09/17  (rcs-revision 1.8)
\pgfmatrixcurrentrow=\count106
\pgfmatrixcurrentcolumn=\count107
\pgf@matrix@numberofcolumns=\count108
)
\tikz@expandcount=\count109

(/usr/local/texlive/2013/texmf-dist/tex/generic/pgf/frontendlayer/tikz/librarie
s/tikzlibrarytopaths.code.tex
File: tikzlibrarytopaths.code.tex 2008/06/17 v3.0.0 (rcs-revision 1.2)
)))
(/usr/local/texlive/2013/texmf-dist/tex/latex/lcg/lcg.sty
Package: lcg 2013/08/09 v1.3 generating random numbers
\f@rst=\count110
\l@st=\count111
\cr@nd=\count112
\c@rand=\count113

Smallest possible random number: 1
Largest possible random number: 2147483647
The pseudo random numbers will be stored in the LaTeX counter `rand'
) (/usr/local/texlive/2013/texmf-dist/tex/latex/base/fontenc.sty
Package: fontenc 2005/09/27 v1.99g Standard LaTeX package

(/usr/local/texlive/2013/texmf-dist/tex/latex/base/t1enc.def
File: t1enc.def 2005/09/27 v1.99g Standard LaTeX file
LaTeX Font Info:    Redeclaring font encoding T1 on input line 43.
))
(/usr/local/texlive/2013/texmf-dist/tex/latex/psnfss/newcent.sty
Package: newcent 2005/04/12 PSNFSS-v9.2a (SPQR) 
)
(/usr/local/texlive/2013/texmf-dist/tex/latex/psnfss/helvet.sty
Package: helvet 2005/04/12 PSNFSS-v9.2a (WaS) 
)
Random number generator initialized to 0

Package lcg Warning: Using an already existing counter rand on input line 493.

Smallest possible random number: 1
Largest possible random number: 3
The pseudo random numbers will be stored in the LaTeX counter `rand'
\c@aaltologo_color=\count114
\c@aaltologo_mark=\count115
\c@aaltologo_linecount=\count116
)
\c@NMainPages=\count117
\c@NInitPages=\count118
\c@Abstracts=\count119
\c@NAbstracts=\count120
\c@instructors=\count121
\coverpageindent=\skip46
\coverindent=\skip47
\absheadleneng=\skip48
\absheadlenfin=\skip49
\abstractwidth=\skip50
\rowsep=\skip51
\keywdparheight=\skip52
\absheadlen=\skip53
\auxwidth=\skip54
) (/usr/local/texlive/2013/texmf-dist/tex/latex/subfigure/subfigure.sty
Package: subfigure 2002/03/15 v2.1.5 subfigure package
\subfigtopskip=\skip55
\subfigcapskip=\skip56
\subfigcaptopadj=\dimen153
\subfigbottomskip=\skip57
\subfigcapmargin=\dimen154
\subfiglabelskip=\skip58
\c@subfigure=\count122
\c@lofdepth=\count123
\c@subtable=\count124
\c@lotdepth=\count125

****************************************
* Local config file subfigure.cfg used *
****************************************
(/usr/local/texlive/2013/texmf-dist/tex/latex/subfigure/subfigure.cfg)
\subfig@top=\skip59
\subfig@bottom=\skip60
)
(/usr/local/texlive/2013/texmf-dist/tex/latex/titlesec/titlesec.sty
Package: titlesec 2011/12/15 v2.10.0 Sectioning titles
\ttl@box=\box37
\beforetitleunit=\skip61
\aftertitleunit=\skip62
\ttl@plus=\dimen155
\ttl@minus=\dimen156
\ttl@toksa=\toks29
\titlewidth=\dimen157
\titlewidthlast=\dimen158
\titlewidthfirst=\dimen159
)
(/usr/local/texlive/2013/texmf-dist/tex/latex/hyperref/hyperref.sty
Package: hyperref 2012/11/06 v6.83m Hypertext links for LaTeX

(/usr/local/texlive/2013/texmf-dist/tex/generic/oberdiek/hobsub-hyperref.sty
Package: hobsub-hyperref 2012/05/28 v1.13 Bundle oberdiek, subset hyperref (HO)


(/usr/local/texlive/2013/texmf-dist/tex/generic/oberdiek/hobsub-generic.sty
Package: hobsub-generic 2012/05/28 v1.13 Bundle oberdiek, subset generic (HO)
Package: hobsub 2012/05/28 v1.13 Construct package bundles (HO)
Package hobsub Info: Skipping package `infwarerr' (already loaded).
Package hobsub Info: Skipping package `ltxcmds' (already loaded).
Package: ifluatex 2010/03/01 v1.3 Provides the ifluatex switch (HO)
Package ifluatex Info: LuaTeX not detected.
Package: ifvtex 2010/03/01 v1.5 Detect VTeX and its facilities (HO)
Package ifvtex Info: VTeX not detected.
Package: intcalc 2007/09/27 v1.1 Expandable calculations with integers (HO)
Package: ifpdf 2011/01/30 v2.3 Provides the ifpdf switch (HO)
Package ifpdf Info: pdfTeX in PDF mode is detected.
Package: etexcmds 2011/02/16 v1.5 Avoid name clashes with e-TeX commands (HO)
Package etexcmds Info: Could not find \expanded.
(etexcmds)             That can mean that you are not using pdfTeX 1.50 or
(etexcmds)             that some package has redefined \expanded.
(etexcmds)             In the latter case, load this package earlier.
Package: kvsetkeys 2012/04/25 v1.16 Key value parser (HO)
Package: kvdefinekeys 2011/04/07 v1.3 Define keys (HO)
Package: pdftexcmds 2011/11/29 v0.20 Utility functions of pdfTeX for LuaTeX (HO
)
Package pdftexcmds Info: LuaTeX not detected.
Package pdftexcmds Info: \pdf@primitive is available.
Package pdftexcmds Info: \pdf@ifprimitive is available.
Package pdftexcmds Info: \pdfdraftmode found.
Package: pdfescape 2011/11/25 v1.13 Implements pdfTeX's escape features (HO)
Package: bigintcalc 2012/04/08 v1.3 Expandable calculations on big integers (HO
)
Package: bitset 2011/01/30 v1.1 Handle bit-vector datatype (HO)
Package: uniquecounter 2011/01/30 v1.2 Provide unlimited unique counter (HO)
)
Package hobsub Info: Skipping package `hobsub' (already loaded).
Package: letltxmacro 2010/09/02 v1.4 Let assignment for LaTeX macros (HO)
Package: hopatch 2012/05/28 v1.2 Wrapper for package hooks (HO)
Package: xcolor-patch 2011/01/30 xcolor patch
Package: atveryend 2011/06/30 v1.8 Hooks at the very end of document (HO)
Package atveryend Info: \enddocument detected (standard20110627).
Package: atbegshi 2011/10/05 v1.16 At begin shipout hook (HO)
Package: refcount 2011/10/16 v3.4 Data extraction from label references (HO)
Package: hycolor 2011/01/30 v1.7 Color options for hyperref/bookmark (HO)
)
(/usr/local/texlive/2013/texmf-dist/tex/generic/ifxetex/ifxetex.sty
Package: ifxetex 2010/09/12 v0.6 Provides ifxetex conditional
)
(/usr/local/texlive/2013/texmf-dist/tex/latex/oberdiek/auxhook.sty
Package: auxhook 2011/03/04 v1.3 Hooks for auxiliary files (HO)
)
(/usr/local/texlive/2013/texmf-dist/tex/latex/oberdiek/kvoptions.sty
Package: kvoptions 2011/06/30 v3.11 Key value format for package options (HO)
)
\@linkdim=\dimen160
\Hy@linkcounter=\count126
\Hy@pagecounter=\count127

(/usr/local/texlive/2013/texmf-dist/tex/latex/hyperref/pd1enc.def
File: pd1enc.def 2012/11/06 v6.83m Hyperref: PDFDocEncoding definition (HO)
Now handling font encoding PD1 ...
... no UTF-8 mapping file for font encoding PD1
)
\Hy@SavedSpaceFactor=\count128

(/usr/local/texlive/2013/texmf-dist/tex/latex/latexconfig/hyperref.cfg
File: hyperref.cfg 2002/06/06 v1.2 hyperref configuration of TeXLive
)

Package hyperref Warning: Values of option `pdfpagemode':
(hyperref)                * `UseNone'
(hyperref)                * `UseOutlines'
(hyperref)                * `UseThumbs'
(hyperref)                * `FullScreen'
(hyperref)                * `UseOC' (PDF 1.5)
(hyperref)                * `UseAttachments' (PDF 1.6)
(hyperref)                * An empty value disables the option.
(hyperref)                Unknown value `None' on input line 4319.

Package hyperref Info: Option `colorlinks' set `true' on input line 4319.
Package hyperref Info: Hyper figures OFF on input line 4443.
Package hyperref Info: Link nesting OFF on input line 4448.
Package hyperref Info: Hyper index ON on input line 4451.
Package hyperref Info: Plain pages OFF on input line 4458.
Package hyperref Info: Backreferencing OFF on input line 4463.
Package hyperref Info: Implicit mode ON; LaTeX internals redefined.
Package hyperref Info: Bookmarks ON on input line 4688.
\c@Hy@tempcnt=\count129
(/usr/local/texlive/2013/texmf-dist/tex/latex/url/url.sty
\Urlmuskip=\muskip10
Package: url 2013/09/16  ver 3.4  Verb mode for urls, etc.
)
LaTeX Info: Redefining \url on input line 5041.
\XeTeXLinkMargin=\dimen161
\Fld@menulength=\count130
\Field@Width=\dimen162
\Fld@charsize=\dimen163
Package hyperref Info: Hyper figures OFF on input line 6295.
Package hyperref Info: Link nesting OFF on input line 6300.
Package hyperref Info: Hyper index ON on input line 6303.
Package hyperref Info: backreferencing OFF on input line 6310.
Package hyperref Info: Link coloring ON on input line 6313.
Package hyperref Info: Link coloring with OCG OFF on input line 6320.
Package hyperref Info: PDF/A mode OFF on input line 6325.
LaTeX Info: Redefining \ref on input line 6365.
LaTeX Info: Redefining \pageref on input line 6369.
\Hy@abspage=\count131
\c@Item=\count132
\c@Hfootnote=\count133
)

Package hyperref Message: Driver: hpdftex.

(/usr/local/texlive/2013/texmf-dist/tex/latex/hyperref/hpdftex.def
File: hpdftex.def 2012/11/06 v6.83m Hyperref driver for pdfTeX
\Fld@listcount=\count134
\c@bookmark@seq@number=\count135

(/usr/local/texlive/2013/texmf-dist/tex/latex/oberdiek/rerunfilecheck.sty
Package: rerunfilecheck 2011/04/15 v1.7 Rerun checks for auxiliary files (HO)
Package uniquecounter Info: New unique counter `rerunfilecheck' on input line 2
82.
)
\Hy@SectionHShift=\skip63
)
(/usr/local/texlive/2013/texmf-dist/tex/latex/amsfonts/amsfonts.sty
Package: amsfonts 2013/01/14 v3.01 Basic AMSFonts support
\@emptytoks=\toks30
\symAMSa=\mathgroup4
\symAMSb=\mathgroup5
LaTeX Font Info:    Overwriting math alphabet `\mathfrak' in version `bold'
(Font)                  U/euf/m/n --> U/euf/b/n on input line 106.
)
(/usr/local/texlive/2013/texmf-dist/tex/latex/amsfonts/amssymb.sty
Package: amssymb 2013/01/14 v3.01 AMS font symbols
)
(/usr/local/texlive/2013/texmf-dist/tex/latex/amsmath/amsbsy.sty
Package: amsbsy 1999/11/29 v1.2d

(/usr/local/texlive/2013/texmf-dist/tex/latex/amsmath/amsgen.sty
File: amsgen.sty 1999/11/30 v2.0
\@emptytoks=\toks31
\ex@=\dimen164
)
\pmbraise@=\dimen165
)
(./thesis_peng.aux)
\openout1 = `thesis_peng.aux'.

LaTeX Font Info:    Checking defaults for OML/cmm/m/it on input line 97.
LaTeX Font Info:    ... okay on input line 97.
LaTeX Font Info:    Checking defaults for T1/cmr/m/n on input line 97.
LaTeX Font Info:    ... okay on input line 97.
LaTeX Font Info:    Checking defaults for OT1/cmr/m/n on input line 97.
LaTeX Font Info:    ... okay on input line 97.
LaTeX Font Info:    Checking defaults for OMS/cmsy/m/n on input line 97.
LaTeX Font Info:    ... okay on input line 97.
LaTeX Font Info:    Checking defaults for OMX/cmex/m/n on input line 97.
LaTeX Font Info:    ... okay on input line 97.
LaTeX Font Info:    Checking defaults for U/cmr/m/n on input line 97.
LaTeX Font Info:    ... okay on input line 97.
LaTeX Font Info:    Checking defaults for PD1/pdf/m/n on input line 97.
LaTeX Font Info:    ... okay on input line 97.

(/usr/local/texlive/2013/texmf-dist/tex/context/base/supp-pdf.mkii
[Loading MPS to PDF converter (version 2006.09.02).]
\scratchcounter=\count136
\scratchdimen=\dimen166
\scratchbox=\box38
\nofMPsegments=\count137
\nofMParguments=\count138
\everyMPshowfont=\toks32
\MPscratchCnt=\count139
\MPscratchDim=\dimen167
\MPnumerator=\count140
\makeMPintoPDFobject=\count141
\everyMPtoPDFconversion=\toks33
) ABD: EveryShipout initializing macros
(/usr/local/texlive/2013/texmf-dist/tex/latex/oberdiek/epstopdf-base.sty
Package: epstopdf-base 2010/02/09 v2.5 Base part for package epstopdf

(/usr/local/texlive/2013/texmf-dist/tex/latex/oberdiek/grfext.sty
Package: grfext 2010/08/19 v1.1 Manage graphics extensions (HO)
)
Package grfext Info: Graphics extension search list:
(grfext)             [.png,.pdf,.jpg,.mps,.jpeg,.jbig2,.jb2,.PNG,.PDF,.JPG,.JPE
G,.JBIG2,.JB2,.eps]
(grfext)             \AppendGraphicsExtensions on input line 452.

(/usr/local/texlive/2013/texmf-dist/tex/latex/latexconfig/epstopdf-sys.cfg
File: epstopdf-sys.cfg 2010/07/13 v1.3 Configuration of (r)epstopdf for TeX Liv
e
))
\AtBeginShipoutBox=\box39
Package hyperref Info: Link coloring ON on input line 97.

(/usr/local/texlive/2013/texmf-dist/tex/latex/hyperref/nameref.sty
Package: nameref 2012/10/27 v2.43 Cross-referencing by name of section

(/usr/local/texlive/2013/texmf-dist/tex/generic/oberdiek/gettitlestring.sty
Package: gettitlestring 2010/12/03 v1.4 Cleanup title references (HO)
)
\c@section@level=\count142
)
LaTeX Info: Redefining \ref on input line 97.
LaTeX Info: Redefining \pageref on input line 97.
LaTeX Info: Redefining \nameref on input line 97.

(./thesis_peng.out) (./thesis_peng.out)
\@outlinefile=\write4
\openout4 = `thesis_peng.out'.

LaTeX Font Info:    Try loading font information for U+msa on input line 169.

(/usr/local/texlive/2013/texmf-dist/tex/latex/amsfonts/umsa.fd
File: umsa.fd 2013/01/14 v3.01 AMS symbols A
)
LaTeX Font Info:    Try loading font information for U+msb on input line 169.

(/usr/local/texlive/2013/texmf-dist/tex/latex/amsfonts/umsb.fd
File: umsb.fd 2013/01/14 v3.01 AMS symbols B
)
LaTeX Font Info:    Try loading font information for T1+phv on input line 169.

(/usr/local/texlive/2013/texmf-dist/tex/latex/psnfss/t1phv.fd
File: t1phv.fd 2001/06/04 scalable font definitions for T1/phv.
)
LaTeX Font Info:    Font shape `T1/phv/b/n' will be
(Font)              scaled to size 11.39996pt on input line 169.
LaTeX Font Info:    Font shape `T1/phv/b/n' will be
(Font)              scaled to size 14.24995pt on input line 169.
LaTeX Font Info:    Font shape `T1/phv/b/n' will be
(Font)              scaled to size 10.40245pt on input line 169.
LaTeX Font Info:    Font shape `T1/phv/b/n' will be
(Font)              scaled to size 8.54997pt on input line 169.
 [1

{/usr/local/texlive/2013/texmf-var/fonts/map/pdftex/updmap/pdftex.map}]
Overfull \hbox (2.0pt too wide) in paragraph at lines 180--180
[] 
 []

(./chapters/abstract.tex)
Overfull \hbox (2.00002pt too wide) in paragraph at lines 180--184
[] 
 []

[2

] (./chapters/preface.tex
Underfull \hbox (badness 10000) in paragraph at lines 4--15

 []

)
Underfull \hbox (badness 10000) in paragraph at lines 16--194

 []


Underfull \hbox (badness 10000) in paragraph at lines 16--194

 []

[3

] (./thesis_peng.toc [4])
\tf@toc=\write5
\openout5 = `thesis_peng.toc'.

 [5] (./chapters/abbreviations.tex) [6]
(./chapters/chapter1.tex
Underfull \hbox (badness 10000) in paragraph at lines 22--60

 []


Underfull \hbox (badness 10000) in paragraph at lines 22--60

 []

[1

]) [2] (./chapters/chapter2.tex
Underfull \hbox (badness 10000) in paragraph at lines 4--10

 []


Underfull \hbox (badness 10000) in paragraph at lines 11--81

 []


Underfull \hbox (badness 10000) in paragraph at lines 11--81

 []


Underfull \hbox (badness 10000) in paragraph at lines 11--81

 []


Underfull \hbox (badness 10000) in paragraph at lines 11--81

 []


Underfull \hbox (badness 10000) in paragraph at lines 11--81

 []


Underfull \hbox (badness 10000) in paragraph at lines 11--81

 []


Underfull \hbox (badness 10000) in paragraph at lines 11--81

 []


Underfull \hbox (badness 10000) in paragraph at lines 11--81

 []


Underfull \hbox (badness 10000) in paragraph at lines 11--81

 []


Underfull \hbox (badness 10000) in paragraph at lines 11--81

 []

[3

] [4]
Underfull \hbox (badness 10000) in paragraph at lines 88--203

 []


Underfull \hbox (badness 10000) in paragraph at lines 88--203

 []


Underfull \hbox (badness 10000) in paragraph at lines 88--203

 []


Underfull \hbox (badness 10000) in paragraph at lines 88--203

 []


Underfull \hbox (badness 10000) in paragraph at lines 88--203

 []


Underfull \hbox (badness 10000) in paragraph at lines 88--203

 []


Underfull \hbox (badness 10000) in paragraph at lines 88--203

 []


Underfull \hbox (badness 10000) in paragraph at lines 88--203

 []


Underfull \hbox (badness 10000) in paragraph at lines 88--203

 []


Underfull \hbox (badness 10000) in paragraph at lines 88--203

 []


Underfull \hbox (badness 10000) in paragraph at lines 88--203

 []


Underfull \hbox (badness 10000) in paragraph at lines 88--203

 []


Underfull \hbox (badness 10000) in paragraph at lines 88--203

 []


Underfull \hbox (badness 10000) in paragraph at lines 88--203

 []


Underfull \hbox (badness 10000) in paragraph at lines 88--203

 []


Underfull \hbox (badness 10000) in paragraph at lines 88--203

 []


Underfull \hbox (badness 10000) in paragraph at lines 88--203

 []


Underfull \hbox (badness 10000) in paragraph at lines 88--203

 []


Underfull \hbox (badness 10000) in paragraph at lines 88--203

 []


Underfull \hbox (badness 10000) in paragraph at lines 88--203

 []


Underfull \hbox (badness 10000) in paragraph at lines 88--203

 []


Underfull \hbox (badness 10000) in paragraph at lines 88--203

 []


Underfull \hbox (badness 10000) in paragraph at lines 88--203

 []


Underfull \hbox (badness 10000) in paragraph at lines 88--203

 []


Underfull \hbox (badness 10000) in paragraph at lines 88--203

 []


Underfull \hbox (badness 10000) in paragraph at lines 88--203

 []

[5] [6] [7]
Package epstopdf Info: Source file: <charts/upnp_playback.eps>
(epstopdf)                    date: 2015-04-26 18:35:23
(epstopdf)                    size: 16887 bytes
(epstopdf)             Output file: <charts/upnp_playback-eps-converted-to.pdf>

(epstopdf)                    date: 2015-04-26 18:35:23
(epstopdf)                    size: 9341 bytes
(epstopdf)             Command: <repstopdf --outfile=charts/upnp_playback-eps-c
onverted-to.pdf charts/upnp_playback.eps>
(epstopdf)             \includegraphics on input line 208.
Package epstopdf Info: Output file is already uptodate.

<charts/upnp_playback-eps-converted-to.pdf, id=367, 813.0375pt x 518.93875pt>
File: charts/upnp_playback-eps-converted-to.pdf Graphic file (type pdf)

<use charts/upnp_playback-eps-converted-to.pdf>
Package pdftex.def Info: charts/upnp_playback-eps-converted-to.pdf used on inpu
t line 208.
(pdftex.def)             Requested size: 401.22041pt x 256.0748pt.
Package epstopdf Info: Source file: <charts/chart1.eps>
(epstopdf)                    date: 2015-04-26 18:35:23
(epstopdf)                    size: 15242 bytes
(epstopdf)             Output file: <charts/chart1-eps-converted-to.pdf>
(epstopdf)                    date: 2015-04-26 18:35:23
(epstopdf)                    size: 9463 bytes
(epstopdf)             Command: <repstopdf --outfile=charts/chart1-eps-converte
d-to.pdf charts/chart1.eps>
(epstopdf)             \includegraphics on input line 328.
Package epstopdf Info: Output file is already uptodate.

<charts/chart1-eps-converted-to.pdf, id=371, 1145.27875pt x 703.62875pt>
File: charts/chart1-eps-converted-to.pdf Graphic file (type pdf)

<use charts/chart1-eps-converted-to.pdf>
Package pdftex.def Info: charts/chart1-eps-converted-to.pdf used on input line 
328.
(pdftex.def)             Requested size: 416.79124pt x 256.0748pt.

Underfull \hbox (badness 10000) in paragraph at lines 204--348

 []


Underfull \hbox (badness 10000) in paragraph at lines 204--348

 []


Underfull \hbox (badness 10000) in paragraph at lines 204--348

 []


Underfull \hbox (badness 10000) in paragraph at lines 204--348

 []


Underfull \hbox (badness 10000) in paragraph at lines 204--348

 []


Underfull \hbox (badness 10000) in paragraph at lines 204--348

 []


Underfull \hbox (badness 10000) in paragraph at lines 204--348

 []


Underfull \hbox (badness 10000) in paragraph at lines 204--348

 []


Underfull \hbox (badness 10000) in paragraph at lines 204--348

 []


Underfull \hbox (badness 10000) in paragraph at lines 204--348

 []


Underfull \hbox (badness 10000) in paragraph at lines 204--348

 []


Underfull \hbox (badness 10000) in paragraph at lines 204--348

 []


Underfull \hbox (badness 10000) in paragraph at lines 204--348

 []


Underfull \hbox (badness 10000) in paragraph at lines 204--348

 []


Underfull \hbox (badness 10000) in paragraph at lines 204--348

 []


Underfull \hbox (badness 10000) in paragraph at lines 204--348

 []


Underfull \hbox (badness 10000) in paragraph at lines 204--348

 []

[8] [9 <./charts/upnp_playback-eps-converted-to.pdf>] [10] [11]
Underfull \hbox (badness 10000) in paragraph at lines 350--447

 []


Underfull \hbox (badness 10000) in paragraph at lines 350--447

 []


Underfull \hbox (badness 10000) in paragraph at lines 350--447

 []


Underfull \hbox (badness 10000) in paragraph at lines 350--447

 []


Underfull \hbox (badness 10000) in paragraph at lines 350--447

 []


Underfull \hbox (badness 10000) in paragraph at lines 350--447

 []


Underfull \hbox (badness 10000) in paragraph at lines 350--447

 []


Underfull \hbox (badness 10000) in paragraph at lines 350--447

 []


Underfull \hbox (badness 10000) in paragraph at lines 350--447

 []


Underfull \hbox (badness 10000) in paragraph at lines 350--447

 []


Underfull \hbox (badness 10000) in paragraph at lines 350--447

 []


Underfull \hbox (badness 10000) in paragraph at lines 350--447

 []


Underfull \hbox (badness 10000) in paragraph at lines 350--447

 []


Underfull \hbox (badness 10000) in paragraph at lines 350--447

 []


Underfull \hbox (badness 10000) in paragraph at lines 350--447

 []

[12 <./charts/chart1-eps-converted-to.pdf>] [13]
LaTeX Font Info:    Try loading font information for T1+cmtt on input line 456.


(/usr/local/texlive/2013/texmf-dist/tex/latex/base/t1cmtt.fd
File: t1cmtt.fd 1999/05/25 v2.5h Standard LaTeX font definitions
)
Overfull \hbox (45.90332pt too wide) in paragraph at lines 518--519
 [][] 
 []


Overfull \hbox (39.50775pt too wide) in paragraph at lines 540--541
 [][] 
 []


Underfull \hbox (badness 10000) in paragraph at lines 449--612

 []


Underfull \hbox (badness 10000) in paragraph at lines 449--612

 []


Underfull \hbox (badness 10000) in paragraph at lines 449--612

 []


Underfull \hbox (badness 10000) in paragraph at lines 449--612

 []


Underfull \hbox (badness 10000) in paragraph at lines 449--612

 []


Underfull \hbox (badness 10000) in paragraph at lines 449--612

 []


Underfull \hbox (badness 10000) in paragraph at lines 449--612

 []


Underfull \hbox (badness 10000) in paragraph at lines 449--612

 []


Underfull \hbox (badness 10000) in paragraph at lines 449--612

 []


Underfull \hbox (badness 10000) in paragraph at lines 449--612

 []


Underfull \hbox (badness 10000) in paragraph at lines 449--612

 []


Underfull \hbox (badness 10000) in paragraph at lines 449--612

 []

[14] [15] [16]
Package epstopdf Info: Source file: <charts/dial_discovery.eps>
(epstopdf)                    date: 2015-04-26 18:35:23
(epstopdf)                    size: 13181 bytes
(epstopdf)             Output file: <charts/dial_discovery-eps-converted-to.pdf
>
(epstopdf)                    date: 2015-04-26 18:35:23
(epstopdf)                    size: 6409 bytes
(epstopdf)             Command: <repstopdf --outfile=charts/dial_discovery-eps-
converted-to.pdf charts/dial_discovery.eps>
(epstopdf)             \includegraphics on input line 635.
Package epstopdf Info: Output file is already uptodate.

<charts/dial_discovery-eps-converted-to.pdf, id=461, 904.37875pt x 563.10374pt>
File: charts/dial_discovery-eps-converted-to.pdf Graphic file (type pdf)
<use charts/dial_discovery-eps-converted-to.pdf>
Package pdftex.def Info: charts/dial_discovery-eps-converted-to.pdf used on inp
ut line 635.
(pdftex.def)             Requested size: 411.27219pt x 256.0748pt.
Package epstopdf Info: Source file: <charts/dial_rest.eps>
(epstopdf)                    date: 2015-04-26 18:35:23
(epstopdf)                    size: 15457 bytes
(epstopdf)             Output file: <charts/dial_rest-eps-converted-to.pdf>
(epstopdf)                    date: 2015-04-26 18:35:23
(epstopdf)                    size: 7993 bytes
(epstopdf)             Command: <repstopdf --outfile=charts/dial_rest-eps-conve
rted-to.pdf charts/dial_rest.eps>
(epstopdf)             \includegraphics on input line 676.
Package epstopdf Info: Output file is already uptodate.

<charts/dial_rest-eps-converted-to.pdf, id=464, 1292.83pt x 819.06pt>
File: charts/dial_rest-eps-converted-to.pdf Graphic file (type pdf)

<use charts/dial_rest-eps-converted-to.pdf>
Package pdftex.def Info: charts/dial_rest-eps-converted-to.pdf used on input li
ne 676.
(pdftex.def)             Requested size: 404.20566pt x 256.0748pt.

Underfull \hbox (badness 10000) in paragraph at lines 614--679

 []


Underfull \hbox (badness 10000) in paragraph at lines 614--679

 []


Underfull \hbox (badness 10000) in paragraph at lines 614--679

 []


Underfull \hbox (badness 10000) in paragraph at lines 614--679

 []


Underfull \hbox (badness 10000) in paragraph at lines 614--679

 []


Underfull \hbox (badness 10000) in paragraph at lines 614--679

 []


Underfull \hbox (badness 10000) in paragraph at lines 614--679

 []


Underfull \hbox (badness 10000) in paragraph at lines 614--679

 []

[17] [18 <./charts/dial_discovery-eps-converted-to.pdf>]
Package epstopdf Info: Source file: <charts/miracast_model.eps>
(epstopdf)                    date: 2015-04-26 18:35:23
(epstopdf)                    size: 18607 bytes
(epstopdf)             Output file: <charts/miracast_model-eps-converted-to.pdf
>
(epstopdf)                    date: 2015-04-26 18:35:23
(epstopdf)                    size: 10334 bytes
(epstopdf)             Command: <repstopdf --outfile=charts/miracast_model-eps-
converted-to.pdf charts/miracast_model.eps>
(epstopdf)             \includegraphics on input line 705.
Package epstopdf Info: Output file is already uptodate.

<charts/miracast_model-eps-converted-to.pdf, id=484, 721.69624pt x 935.495pt>
File: charts/miracast_model-eps-converted-to.pdf Graphic file (type pdf)

<use charts/miracast_model-eps-converted-to.pdf>
Package pdftex.def Info: charts/miracast_model-eps-converted-to.pdf used on inp
ut line 705.
(pdftex.def)             Requested size: 384.10959pt x 497.89406pt.

Overfull \hbox (16.83424pt too wide) in paragraph at lines 705--706
 [][]|  [] 
 []

Package epstopdf Info: Source file: <charts/miracast_technology_architecture.ep
s>
(epstopdf)                    date: 2015-04-26 18:35:23
(epstopdf)                    size: 13626 bytes
(epstopdf)             Output file: <charts/miracast_technology_architecture-ep
s-converted-to.pdf>
(epstopdf)                    date: 2015-04-26 18:35:23
(epstopdf)                    size: 6543 bytes
(epstopdf)             Command: <repstopdf --outfile=charts/miracast_technology
_architecture-eps-converted-to.pdf charts/miracast_technology_architecture.eps>

(epstopdf)             \includegraphics on input line 713.
Package epstopdf Info: Output file is already uptodate.

<charts/miracast_technology_architecture-eps-converted-to.pdf, id=486, 657.4562
5pt x 317.185pt>
File: charts/miracast_technology_architecture-eps-converted-to.pdf Graphic file
 (type pdf)

<use charts/miracast_technology_architecture-eps-converted-to.pdf>
Package pdftex.def Info: charts/miracast_technology_architecture-eps-converted-
to.pdf used on input line 713.
(pdftex.def)             Requested size: 384.10959pt x 185.31288pt.

Underfull \hbox (badness 10000) in paragraph at lines 681--782

 []


Underfull \hbox (badness 10000) in paragraph at lines 681--782

 []


Underfull \hbox (badness 10000) in paragraph at lines 681--782

 []


Underfull \hbox (badness 10000) in paragraph at lines 681--782

 []


Underfull \hbox (badness 10000) in paragraph at lines 681--782

 []


Underfull \hbox (badness 10000) in paragraph at lines 681--782

 []


Underfull \hbox (badness 10000) in paragraph at lines 681--782

 []


Underfull \hbox (badness 10000) in paragraph at lines 681--782

 []


Underfull \hbox (badness 10000) in paragraph at lines 681--782

 []


Underfull \hbox (badness 10000) in paragraph at lines 681--782

 []


Underfull \hbox (badness 10000) in paragraph at lines 681--782

 []


Underfull \hbox (badness 10000) in paragraph at lines 681--782

 []


Underfull \hbox (badness 10000) in paragraph at lines 681--782

 []


Underfull \hbox (badness 10000) in paragraph at lines 681--782

 []


Underfull \hbox (badness 10000) in paragraph at lines 681--782

 []


Underfull \hbox (badness 10000) in paragraph at lines 681--782

 []


Underfull \hbox (badness 10000) in paragraph at lines 681--782

 []


Underfull \hbox (badness 10000) in paragraph at lines 681--782

 []


Underfull \hbox (badness 10000) in paragraph at lines 681--782

 []


Underfull \hbox (badness 10000) in paragraph at lines 681--782

 []


Underfull \hbox (badness 10000) in paragraph at lines 681--782

 []


Underfull \hbox (badness 10000) in paragraph at lines 681--782

 []


Underfull \hbox (badness 10000) in paragraph at lines 681--782

 []


Underfull \hbox (badness 10000) in paragraph at lines 681--782

 []


Underfull \hbox (badness 10000) in paragraph at lines 681--782

 []

[19] [20 <./charts/dial_rest-eps-converted-to.pdf>] [21 <./charts/miracast_mode
l-eps-converted-to.pdf>] [22 <./charts/miracast_technology_architecture-eps-con
verted-to.pdf>] [23]
Underfull \hbox (badness 10000) in paragraph at lines 785--785
[][][][][]$\T1/cmtt/m/n/10 https : / / sonos . custhelp . com / app / answers /
 detail / a _ id / 126 / ~ /
 []


Underfull \hbox (badness 10000) in paragraph at lines 793--806

 []


Underfull \hbox (badness 10000) in paragraph at lines 793--806

 []


Underfull \hbox (badness 10000) in paragraph at lines 793--806

 []

[24] <charts/dlna_market.png, id=549, 433.62pt x 256.7994pt>
File: charts/dlna_market.png Graphic file (type png)

<use charts/dlna_market.png>
Package pdftex.def Info: charts/dlna_market.png used on input line 813.
(pdftex.def)             Requested size: 432.42134pt x 256.0748pt.

Overfull \hbox (5.63pt too wide) in paragraph at lines 813--814
 [][][] 
 []


Underfull \hbox (badness 10000) in paragraph at lines 807--825

 []


Underfull \hbox (badness 10000) in paragraph at lines 807--825

 []


Underfull \hbox (badness 10000) in paragraph at lines 807--825

 []


Underfull \hbox (badness 10000) in paragraph at lines 807--825

 []

[25]

LaTeX Warning: Reference `2_3_3_2' on page 26 undefined on input line 826.


Underfull \hbox (badness 10000) in paragraph at lines 828--834

 []


Underfull \hbox (badness 10000) in paragraph at lines 828--834

 []

[26 <./charts/dlna_market.png>])
Underfull \hbox (badness 10000) in paragraph at lines 835--249

 []

[27] [28] (./chapters/chapter3.tex
Underfull \hbox (badness 10000) in paragraph at lines 4--41

 []


Underfull \hbox (badness 10000) in paragraph at lines 4--41

 []


Underfull \hbox (badness 10000) in paragraph at lines 4--41

 []


Underfull \hbox (badness 10000) in paragraph at lines 43--53

 []


Overfull \hbox (8.06924pt too wide) in paragraph at lines 43--53
\T1/cmr/m/n/12 UPnP/DLNA de-vices and DIAL de-vices use Sim-ple Ser-vice Dis-co
v-ery Pro-to-col(SSDP)
 []


Underfull \hbox (badness 10000) in paragraph at lines 43--53

 []


Underfull \hbox (badness 10000) in paragraph at lines 43--53

 []

[29

]
Package epstopdf Info: Source file: <charts/chart3.eps>
(epstopdf)                    date: 2015-04-26 18:35:23
(epstopdf)                    size: 16485 bytes
(epstopdf)             Output file: <charts/chart3-eps-converted-to.pdf>
(epstopdf)                    date: 2015-04-26 18:35:23
(epstopdf)                    size: 7052 bytes
(epstopdf)             Command: <repstopdf --outfile=charts/chart3-eps-converte
d-to.pdf charts/chart3.eps>
(epstopdf)             \includegraphics on input line 83.
Package epstopdf Info: Output file is already uptodate.
 <charts/chart3-eps-converted-to.pdf, id=599, 1198.4775pt x 754.82pt>
File: charts/chart3-eps-converted-to.pdf Graphic file (type pdf)

<use charts/chart3-eps-converted-to.pdf>
Package pdftex.def Info: charts/chart3-eps-converted-to.pdf used on input line 
83.
(pdftex.def)             Requested size: 406.58089pt x 256.0748pt.
Package epstopdf Info: Source file: <charts/data_flow.eps>
(epstopdf)                    date: 2015-04-26 18:35:23
(epstopdf)                    size: 15645 bytes
(epstopdf)             Output file: <charts/data_flow-eps-converted-to.pdf>
(epstopdf)                    date: 2015-04-26 18:35:23
(epstopdf)                    size: 6807 bytes
(epstopdf)             Command: <repstopdf --outfile=charts/data_flow-eps-conve
rted-to.pdf charts/data_flow.eps>
(epstopdf)             \includegraphics on input line 96.
Package epstopdf Info: Output file is already uptodate.

<charts/data_flow-eps-converted-to.pdf, id=601, 948.54375pt x 599.23875pt>
File: charts/data_flow-eps-converted-to.pdf Graphic file (type pdf)

<use charts/data_flow-eps-converted-to.pdf>
Package pdftex.def Info: charts/data_flow-eps-converted-to.pdf used on input li
ne 96.
(pdftex.def)             Requested size: 405.34746pt x 256.0748pt.

Underfull \hbox (badness 10000) in paragraph at lines 55--99

 []


Underfull \hbox (badness 10000) in paragraph at lines 55--99

 []


Underfull \hbox (badness 10000) in paragraph at lines 55--99

 []


Underfull \hbox (badness 10000) in paragraph at lines 55--99

 []


Underfull \hbox (badness 10000) in paragraph at lines 55--99

 []


Underfull \hbox (badness 10000) in paragraph at lines 55--99

 []


Underfull \hbox (badness 10000) in paragraph at lines 55--99

 []


Overfull \hbox (7.95676pt too wide) in paragraph at lines 55--99
\T1/cmr/m/n/12 con-cluded that NanoHTTPD is the ideal choice for our so-lu-tion
, be-cause NanoHTTPD
 []


Overfull \hbox (5.59435pt too wide) in paragraph at lines 55--99
\T1/cmr/m/n/12 ble with DLNA re-ceivers. Be-sides, a proxy is also easy to in-t
e-grate with NanoHTTPD. 
 []


Underfull \hbox (badness 10000) in paragraph at lines 55--99

 []


Underfull \hbox (badness 10000) in paragraph at lines 55--99

 []


Underfull \hbox (badness 10000) in paragraph at lines 55--99

 []


Underfull \hbox (badness 10000) in paragraph at lines 55--99

 []


Underfull \hbox (badness 10000) in paragraph at lines 55--99

 []


Underfull \hbox (badness 10000) in paragraph at lines 55--99

 []

[30] [31] <charts/allconnect-app.png, id=616, 787.0203pt x 406.1574pt>
File: charts/allconnect-app.png Graphic file (type png)

<use charts/allconnect-app.png>
Package pdftex.def Info: charts/allconnect-app.png used on input line 108.
(pdftex.def)             Requested size: 441.06462pt x 227.62204pt.

Overfull \hbox (14.27328pt too wide) in paragraph at lines 108--109
 [][][] 
 []


Underfull \hbox (badness 10000) in paragraph at lines 101--111

 []


Underfull \hbox (badness 10000) in paragraph at lines 101--111

 []

[32 <./charts/chart3-eps-converted-to.pdf>]
Underfull \hbox (badness 10000) in paragraph at lines 113--122

 []


Underfull \hbox (badness 10000) in paragraph at lines 113--122

 []


Underfull \hbox (badness 10000) in paragraph at lines 113--122

 []


Underfull \hbox (badness 10000) in paragraph at lines 113--122

 []

[33 <./charts/data_flow-eps-converted-to.pdf>]
Underfull \hbox (badness 10000) in paragraph at lines 124--131

 []


Underfull \hbox (badness 10000) in paragraph at lines 124--131

 []


Underfull \hbox (badness 10000) in paragraph at lines 124--131

 []

[34 <./charts/allconnect-app.png>]
Underfull \hbox (badness 10000) in paragraph at lines 132--136

 []

<charts/experiment_setup.png, id=644, 352.4367pt x 194.1654pt>
File: charts/experiment_setup.png Graphic file (type png)

<use charts/experiment_setup.png>
Package pdftex.def Info: charts/experiment_setup.png used on input line 147.
(pdftex.def)             Requested size: 361.53499pt x 199.16928pt.

Underfull \hbox (badness 10000) in paragraph at lines 144--159

 []


Underfull \hbox (badness 10000) in paragraph at lines 144--159

 []


Underfull \hbox (badness 10000) in paragraph at lines 144--159

 []

[35])
Underfull \hbox (badness 10000) in paragraph at lines 160--255

 []


Underfull \hbox (badness 10000) in paragraph at lines 160--255

 []


Underfull \hbox (badness 10000) in paragraph at lines 160--255

 []


Underfull \hbox (badness 10000) in paragraph at lines 160--255

 []

[36 <./charts/experiment_setup.png>] [37] (./chapters/chapter4.tex
Underfull \hbox (badness 10000) in paragraph at lines 6--12

 []


Underfull \hbox (badness 10000) in paragraph at lines 6--12

 []


Underfull \hbox (badness 10000) in paragraph at lines 6--12

 []

<charts/oneMoreTime_airplay_android.pdf, id=661, 794.97pt x 614.295pt>
File: charts/oneMoreTime_airplay_android.pdf Graphic file (type pdf)

<use charts/oneMoreTime_airplay_android.pdf>
Package pdftex.def Info: charts/oneMoreTime_airplay_android.pdf used on input l
ine 21.
(pdftex.def)             Requested size: 384.10959pt x 296.81728pt.

<charts/oneMoreTime_dlna_android.pdf, id=662, 794.97pt x 614.295pt>
File: charts/oneMoreTime_dlna_android.pdf Graphic file (type pdf)

<use charts/oneMoreTime_dlna_android.pdf>
Package pdftex.def Info: charts/oneMoreTime_dlna_android.pdf used on input line
 22.
(pdftex.def)             Requested size: 384.10959pt x 296.81728pt.

Underfull \hbox (badness 10000) in paragraph at lines 21--24
[][][]
 []


LaTeX Warning: Float too large for page by 10.81737pt on input line 25.

[38

] [39 <./charts/oneMoreTime_airplay_android.pdf, page is rotated 90 degrees> <.
/charts/oneMoreTime_dlna_android.pdf, page is rotated 90 degrees>]
Underfull \hbox (badness 10000) in paragraph at lines 27--38

 []

File: charts/oneMoreTime_dlna_android.pdf Graphic file (type pdf)
<use charts/oneMoreTime_dlna_android.pdf>
Package pdftex.def Info: charts/oneMoreTime_dlna_android.pdf used on input line
 50.
(pdftex.def)             Requested size: 384.10959pt x 296.81728pt.

<charts/oneMoreTime_dlna_android_bw_500k.pdf, id=684, 794.97pt x 614.295pt>
File: charts/oneMoreTime_dlna_android_bw_500k.pdf Graphic file (type pdf)

<use charts/oneMoreTime_dlna_android_bw_500k.pdf>
Package pdftex.def Info: charts/oneMoreTime_dlna_android_bw_500k.pdf used on in
put line 51.
(pdftex.def)             Requested size: 384.10959pt x 296.81728pt.

Underfull \hbox (badness 10000) in paragraph at lines 50--53
[][][]
 []


LaTeX Warning: Float too large for page by 10.81737pt on input line 54.

<charts/oneMoreTime_dlna_android_bw_700k.pdf, id=685, 794.97pt x 614.295pt>
File: charts/oneMoreTime_dlna_android_bw_700k.pdf Graphic file (type pdf)

<use charts/oneMoreTime_dlna_android_bw_700k.pdf>
Package pdftex.def Info: charts/oneMoreTime_dlna_android_bw_700k.pdf used on in
put line 56.
(pdftex.def)             Requested size: 384.10959pt x 296.81728pt.

<charts/oneMoreTime_dlna_android_bw_1000k.pdf, id=686, 794.97pt x 614.295pt>
File: charts/oneMoreTime_dlna_android_bw_1000k.pdf Graphic file (type pdf)

<use charts/oneMoreTime_dlna_android_bw_1000k.pdf>
Package pdftex.def Info: charts/oneMoreTime_dlna_android_bw_1000k.pdf used on i
nput line 57.
(pdftex.def)             Requested size: 384.10959pt x 296.81728pt.

Underfull \hbox (badness 10000) in paragraph at lines 56--59
[][][]
 []


LaTeX Warning: Float too large for page by 10.81737pt on input line 60.


Underfull \hbox (badness 10000) in paragraph at lines 39--61

 []


Underfull \hbox (badness 10000) in paragraph at lines 39--61

 []


Underfull \hbox (badness 10000) in paragraph at lines 39--61

 []

[40

] [41 <./charts/oneMoreTime_dlna_android_bw_500k.pdf, page is rotated 90 degree
s>] [42 <./charts/oneMoreTime_dlna_android_bw_700k.pdf, page is rotated 90 degr
ees> <./charts/oneMoreTime_dlna_android_bw_1000k.pdf, page is rotated 90 degree
s>]
Underfull \hbox (badness 10000) in paragraph at lines 62--65

 []

<charts/dlna_traffic_data.pdf, id=717, 794.97pt x 614.295pt>
File: charts/dlna_traffic_data.pdf Graphic file (type pdf)

<use charts/dlna_traffic_data.pdf>
Package pdftex.def Info: charts/dlna_traffic_data.pdf used on input line 72.
(pdftex.def)             Requested size: 384.10959pt x 296.81728pt.

<charts/dlna_traffic_5loss_data.pdf, id=718, 794.97pt x 614.295pt>
File: charts/dlna_traffic_5loss_data.pdf Graphic file (type pdf)

<use charts/dlna_traffic_5loss_data.pdf>
Package pdftex.def Info: charts/dlna_traffic_5loss_data.pdf used on input line 
74.
(pdftex.def)             Requested size: 384.10959pt x 296.81728pt.

Underfull \hbox (badness 10000) in paragraph at lines 72--75
[][][]
 []


LaTeX Warning: Float too large for page by 10.81737pt on input line 76.

<charts/dlna_traffic_10loss_data.pdf, id=719, 794.97pt x 614.295pt>
File: charts/dlna_traffic_10loss_data.pdf Graphic file (type pdf)

<use charts/dlna_traffic_10loss_data.pdf>
Package pdftex.def Info: charts/dlna_traffic_10loss_data.pdf used on input line
 80.
(pdftex.def)             Requested size: 384.10959pt x 296.81728pt.

<charts/dlna_traffic_15loss_data.pdf, id=720, 794.97pt x 614.295pt>
File: charts/dlna_traffic_15loss_data.pdf Graphic file (type pdf)

<use charts/dlna_traffic_15loss_data.pdf>
Package pdftex.def Info: charts/dlna_traffic_15loss_data.pdf used on input line
 82.
(pdftex.def)             Requested size: 384.10959pt x 296.81728pt.

Underfull \hbox (badness 10000) in paragraph at lines 80--83
[][][]
 []


LaTeX Warning: Float too large for page by 10.81737pt on input line 84.

<charts/AirPlay_traffic_data.pdf, id=723, 794.97pt x 614.295pt>
File: charts/AirPlay_traffic_data.pdf Graphic file (type pdf)

<use charts/AirPlay_traffic_data.pdf>
Package pdftex.def Info: charts/AirPlay_traffic_data.pdf used on input line 94.

(pdftex.def)             Requested size: 384.10959pt x 296.81728pt.

<charts/AirPlay_traffic_5loss_data.pdf, id=724, 794.97pt x 614.295pt>
File: charts/AirPlay_traffic_5loss_data.pdf Graphic file (type pdf)

<use charts/AirPlay_traffic_5loss_data.pdf>
Package pdftex.def Info: charts/AirPlay_traffic_5loss_data.pdf used on input li
ne 96.
(pdftex.def)             Requested size: 384.10959pt x 296.81728pt.

Underfull \hbox (badness 10000) in paragraph at lines 94--97
[][][]
 []


LaTeX Warning: Float too large for page by 10.81737pt on input line 98.

<charts/AirPlay_traffic_10loss_data.pdf, id=725, 794.97pt x 614.295pt>
File: charts/AirPlay_traffic_10loss_data.pdf Graphic file (type pdf)

<use charts/AirPlay_traffic_10loss_data.pdf>
Package pdftex.def Info: charts/AirPlay_traffic_10loss_data.pdf used on input l
ine 101.
(pdftex.def)             Requested size: 384.10959pt x 296.81728pt.

<charts/AirPlay_traffic_15loss_data.pdf, id=726, 794.97pt x 614.295pt>
File: charts/AirPlay_traffic_15loss_data.pdf Graphic file (type pdf)

<use charts/AirPlay_traffic_15loss_data.pdf>
Package pdftex.def Info: charts/AirPlay_traffic_15loss_data.pdf used on input l
ine 103.
(pdftex.def)             Requested size: 384.10959pt x 296.81728pt.

Underfull \hbox (badness 10000) in paragraph at lines 101--105
[][][]
 []


LaTeX Warning: Float too large for page by 10.81737pt on input line 106.


Underfull \hbox (badness 10000) in paragraph at lines 85--107

 []


Underfull \hbox (badness 10000) in paragraph at lines 85--107

 []

[43

] [44 <./charts/dlna_traffic_data.pdf, page is rotated 90 degrees> <./charts/dl
na_traffic_5loss_data.pdf, page is rotated 90 degrees>] [45 <./charts/dlna_traf
fic_10loss_data.pdf, page is rotated 90 degrees> <./charts/dlna_traffic_15loss_
data.pdf, page is rotated 90 degrees>] [46 <./charts/AirPlay_traffic_data.pdf, 
page is rotated 90 degrees> <./charts/AirPlay_traffic_5loss_data.pdf, page is r
otated 90 degrees>] [47 <./charts/AirPlay_traffic_10loss_data.pdf, page is rota
ted 90 degrees> <./charts/AirPlay_traffic_15loss_data.pdf, page is rotated 90 d
egrees>] <charts/session_world_map.pdf, id=785, 794.97pt x 614.295pt>
File: charts/session_world_map.pdf Graphic file (type pdf)

<use charts/session_world_map.pdf>
Package pdftex.def Info: charts/session_world_map.pdf used on input line 112.
(pdftex.def)             Requested size: 384.10959pt x 296.81728pt.

<charts/rating_distribution.pdf, id=787, 505.89pt x 505.89pt>
File: charts/rating_distribution.pdf Graphic file (type pdf)

<use charts/rating_distribution.pdf>
Package pdftex.def Info: charts/rating_distribution.pdf used on input line 117.

(pdftex.def)             Requested size: 241.8518pt x 241.84842pt.

<charts/country_popularity.pdf, id=789, 505.89pt x 505.89pt>
File: charts/country_popularity.pdf Graphic file (type pdf)

<use charts/country_popularity.pdf>
Package pdftex.def Info: charts/country_popularity.pdf used on input line 124.
(pdftex.def)             Requested size: 241.8518pt x 241.84842pt.

<charts/os_version_popularity.pdf, id=790, 505.89pt x 505.89pt>
File: charts/os_version_popularity.pdf Graphic file (type pdf)

<use charts/os_version_popularity.pdf>
Package pdftex.def Info: charts/os_version_popularity.pdf used on input line 12
9.
(pdftex.def)             Requested size: 241.8518pt x 241.84842pt.

Underfull \hbox (badness 10000) in paragraph at lines 132--132
[][][][][]$\T1/cmtt/m/n/10 https : / / developer . blackberry . com / playbook 
/ android / files / webinars / BlackBerry _
 []

<charts/receiver_popularity.pdf, id=796, 844.34906pt x 560.50125pt>
File: charts/receiver_popularity.pdf Graphic file (type pdf)

<use charts/receiver_popularity.pdf>
Package pdftex.def Info: charts/receiver_popularity.pdf used on input line 136.

(pdftex.def)             Requested size: 364.32562pt x 241.84842pt.

<charts/sessions_per_day.pdf, id=797, 505.89pt x 505.89pt>
File: charts/sessions_per_day.pdf Graphic file (type pdf)

<use charts/sessions_per_day.pdf>
Package pdftex.def Info: charts/sessions_per_day.pdf used on input line 140.
(pdftex.def)             Requested size: 241.8518pt x 241.84842pt.

Underfull \hbox (badness 10000) in paragraph at lines 110--144

 []

[48

 <./charts/session_world_map.pdf>] [49 <./charts/rating_distribution.pdf> <./ch
arts/country_popularity.pdf>] [50 <./charts/os_version_popularity.pdf>])
Underfull \hbox (badness 10000) in paragraph at lines 147--261

 []

[51 <./charts/receiver_popularity.pdf> <./charts/sessions_per_day.pdf>]
[52] (./chapters/chapter5.tex
Underfull \hbox (badness 10000) in paragraph at lines 4--11

 []

[53

]
Underfull \hbox (badness 10000) in paragraph at lines 28--31

 []

[54]
Underfull \hbox (badness 10000) in paragraph at lines 34--39

 []


Underfull \hbox (badness 10000) in paragraph at lines 34--39

 []

) [55] (./thesis_peng.bbl
LaTeX Font Info:    Try loading font information for OMS+cmr on input line 59.

(/usr/local/texlive/2013/texmf-dist/tex/latex/base/omscmr.fd
File: omscmr.fd 1999/05/25 v2.5h Standard LaTeX font definitions
)
LaTeX Font Info:    Font shape `OMS/cmr/m/n' in size <12> not available
(Font)              Font shape `OMS/cmsy/m/n' tried instead on input line 59.
 [56

]) [57]
Package atveryend Info: Empty hook `BeforeClearDocument' on input line 327.
Package atveryend Info: Empty hook `AfterLastShipout' on input line 327.

(./thesis_peng.aux)
Package atveryend Info: Executing hook `AtVeryEndDocument' on input line 327.
Package atveryend Info: Executing hook `AtEndAfterFileList' on input line 327.
Package rerunfilecheck Info: File `thesis_peng.out' has not changed.
(rerunfilecheck)             Checksum: 63B17D7F2CEB5E0EBA476088E3084D1D;3706.


LaTeX Warning: There were undefined references.

Package atveryend Info: Empty hook `AtVeryVeryEnd' on input line 327.
 ) 
Here is how much of TeX's memory you used:
 18252 strings out of 493308
 339661 string characters out of 6137816
 826432 words of memory out of 5000000
 21106 multiletter control sequences out of 15000+600000
 29678 words of font info for 61 fonts, out of 8000000 for 9000
 957 hyphenation exceptions out of 8191
 69i,10n,58p,1130b,592s stack positions out of 5000i,500n,10000p,200000b,80000s
{/usr/local/texlive/2013/texmf-dist/fonts/enc/dvips/cm-super/cm-super-t1.enc}
{/usr/local/texlive/2013/texmf-dist/fonts/enc/dvips/base/8r.enc}</usr/local/tex
live/2013/texmf-dist/fonts/type1/public/amsfonts/cm/cmr12.pfb></usr/local/texli
ve/2013/texmf-dist/fonts/type1/public/amsfonts/cm/cmsy10.pfb></usr/local/texliv
e/2013/texmf-dist/fonts/type1/public/cm-super/sfbx1095.pfb></usr/local/texlive/
2013/texmf-dist/fonts/type1/public/cm-super/sfbx1200.pfb></usr/local/texlive/20
13/texmf-dist/fonts/type1/public/cm-super/sfbx1440.pfb></usr/local/texlive/2013
/texmf-dist/fonts/type1/public/cm-super/sfbx1728.pfb></usr/local/texlive/2013/t
exmf-dist/fonts/type1/public/cm-super/sfcc1200.pfb></usr/local/texlive/2013/tex
mf-dist/fonts/type1/public/cm-super/sfrm0700.pfb></usr/local/texlive/2013/texmf
-dist/fonts/type1/public/cm-super/sfrm0800.pfb></usr/local/texlive/2013/texmf-d
ist/fonts/type1/public/cm-super/sfrm1000.pfb></usr/local/texlive/2013/texmf-dis
t/fonts/type1/public/cm-super/sfrm1095.pfb></usr/local/texlive/2013/texmf-dist/
fonts/type1/public/cm-super/sfrm1200.pfb></usr/local/texlive/2013/texmf-dist/fo
nts/type1/public/cm-super/sfti1200.pfb></usr/local/texlive/2013/texmf-dist/font
s/type1/public/cm-super/sftt1000.pfb></usr/local/texlive/2013/texmf-dist/fonts/
type1/urw/helvetic/uhvb8a.pfb>
Output written on thesis_peng.pdf (63 pages, 1568413 bytes).
PDF statistics:
 1304 PDF objects out of 1440 (max. 8388607)
 1093 compressed objects within 11 object streams
 196 named destinations out of 1000 (max. 500000)
 587 words of extra memory for PDF output out of 10000 (max. 10000000)

