\BOOKMARK [1][-]{section*.1}{Abstract}{}% 1
\BOOKMARK [1][-]{section*.2}{Preface}{}% 2
\BOOKMARK [1][-]{section*.4}{Contents}{}% 3
\BOOKMARK [1][-]{section*.6}{Abbreviations}{}% 4
\BOOKMARK [1][-]{section.1}{Introduction}{}% 5
\BOOKMARK [2][-]{subsection.1.1}{Home networking}{section.1}% 6
\BOOKMARK [2][-]{subsection.1.2}{Problem description}{section.1}% 7
\BOOKMARK [2][-]{subsection.1.3}{Document overview}{section.1}% 8
\BOOKMARK [1][-]{section.2}{Background}{}% 9
\BOOKMARK [2][-]{subsection.2.1}{Overview}{section.2}% 10
\BOOKMARK [2][-]{subsection.2.2}{Available protocols}{section.2}% 11
\BOOKMARK [3][-]{subsubsection.2.2.1}{UPnP}{subsection.2.2}% 12
\BOOKMARK [3][-]{subsubsection.2.2.2}{DLNA}{subsection.2.2}% 13
\BOOKMARK [3][-]{subsubsection.2.2.3}{AirPlay}{subsection.2.2}% 14
\BOOKMARK [3][-]{subsubsection.2.2.4}{DIAL}{subsection.2.2}% 15
\BOOKMARK [3][-]{subsubsection.2.2.5}{Miracast}{subsection.2.2}% 16
\BOOKMARK [3][-]{subsubsection.2.2.6}{Other protocols}{subsection.2.2}% 17
\BOOKMARK [2][-]{subsection.2.3}{Comparison of existing solutions}{section.2}% 18
\BOOKMARK [3][-]{subsubsection.2.3.1}{History}{subsection.2.3}% 19
\BOOKMARK [3][-]{subsubsection.2.3.2}{Market}{subsection.2.3}% 20
\BOOKMARK [3][-]{subsubsection.2.3.3}{Technology feature}{subsection.2.3}% 21
\BOOKMARK [1][-]{section.3}{Developing a solution for multimedia home networking}{}% 22
\BOOKMARK [2][-]{subsection.3.1}{Architecture overview}{section.3}% 23
\BOOKMARK [2][-]{subsection.3.2}{Implementation}{section.3}% 24
\BOOKMARK [2][-]{subsection.3.3}{UX design}{section.3}% 25
\BOOKMARK [2][-]{subsection.3.4}{Features}{section.3}% 26
\BOOKMARK [2][-]{subsection.3.5}{Extensibility}{section.3}% 27
\BOOKMARK [2][-]{subsection.3.6}{Test methodology}{section.3}% 28
\BOOKMARK [2][-]{subsection.3.7}{Evaluation methodology}{section.3}% 29
\BOOKMARK [3][-]{subsubsection.3.7.1}{Experimental setup}{subsection.3.7}% 30
\BOOKMARK [3][-]{subsubsection.3.7.2}{User study and feedback collection}{subsection.3.7}% 31
\BOOKMARK [1][-]{section.4}{Results}{}% 32
\BOOKMARK [2][-]{subsection.4.1}{Performance}{section.4}% 33
\BOOKMARK [2][-]{subsection.4.2}{Statistics}{section.4}% 34
\BOOKMARK [2][-]{subsection.4.3}{User study}{section.4}% 35
\BOOKMARK [1][-]{section.5}{Discussion}{}% 36
\BOOKMARK [2][-]{subsection.5.1}{Further development}{section.5}% 37
\BOOKMARK [2][-]{subsection.5.2}{Future of multimedia home networking}{section.5}% 38
\BOOKMARK [1][-]{section*.7}{References}{}% 39
