\BOOKMARK [1][-]{section*.1}{Abstract}{}
\BOOKMARK [1][-]{section*.2}{Preface}{}
\BOOKMARK [1][-]{section*.4}{Contents}{}
\BOOKMARK [1][-]{section*.6}{Abbreviations}{}
\BOOKMARK [1][-]{section.1}{Introduction}{}
\BOOKMARK [2][-]{subsection.1.1}{Home networking}{section.1}
\BOOKMARK [2][-]{subsection.1.2}{Problem description}{section.1}
\BOOKMARK [2][-]{subsection.1.3}{Document overview}{section.1}
\BOOKMARK [1][-]{section.2}{Background}{}
\BOOKMARK [2][-]{subsection.2.1}{Overview}{section.2}
\BOOKMARK [2][-]{subsection.2.2}{Available protocols}{section.2}
\BOOKMARK [3][-]{subsubsection.2.2.1}{UPnP}{subsection.2.2}
\BOOKMARK [3][-]{subsubsection.2.2.2}{DLNA}{subsection.2.2}
\BOOKMARK [3][-]{subsubsection.2.2.3}{AirPlay}{subsection.2.2}
\BOOKMARK [3][-]{subsubsection.2.2.4}{DIAL}{subsection.2.2}
\BOOKMARK [3][-]{subsubsection.2.2.5}{Miracast}{subsection.2.2}
\BOOKMARK [3][-]{subsubsection.2.2.6}{Other protocols}{subsection.2.2}
\BOOKMARK [2][-]{subsection.2.3}{Comparison of existing solutions}{section.2}
\BOOKMARK [3][-]{subsubsection.2.3.1}{History}{subsection.2.3}
\BOOKMARK [3][-]{subsubsection.2.3.2}{Market}{subsection.2.3}
\BOOKMARK [3][-]{subsubsection.2.3.3}{Technology feature}{subsection.2.3}
\BOOKMARK [1][-]{section.3}{Developing a solution for multimedia home networking}{}
\BOOKMARK [2][-]{subsection.3.1}{Architecture overview}{section.3}
\BOOKMARK [2][-]{subsection.3.2}{Implementation}{section.3}
\BOOKMARK [2][-]{subsection.3.3}{UX design}{section.3}
\BOOKMARK [2][-]{subsection.3.4}{Features}{section.3}
\BOOKMARK [2][-]{subsection.3.5}{Extensibility}{section.3}
\BOOKMARK [2][-]{subsection.3.6}{Test methodology}{section.3}
\BOOKMARK [2][-]{subsection.3.7}{Evaluation methodology}{section.3}
\BOOKMARK [3][-]{subsubsection.3.7.1}{Experimental setup}{subsection.3.7}
\BOOKMARK [3][-]{subsubsection.3.7.2}{User study and feedback collection}{subsection.3.7}
\BOOKMARK [1][-]{section.4}{Results}{}
\BOOKMARK [2][-]{subsection.4.1}{Performance}{section.4}
\BOOKMARK [2][-]{subsection.4.2}{Statistics}{section.4}
\BOOKMARK [2][-]{subsection.4.3}{User study}{section.4}
\BOOKMARK [1][-]{section.5}{Discussion}{}
\BOOKMARK [2][-]{subsection.5.1}{Further development}{section.5}
\BOOKMARK [2][-]{subsection.5.2}{Future of multimedia home networking}{section.5}
\BOOKMARK [1][-]{section*.7}{References}{}
